This is pdfTeX, Version 3.1415926-1.40.10 (TeX Live 2009/Debian) (format=pdflatex 2011.8.30)  22 AUG 2012 15:55
entering extended mode
 %&-line parsing enabled.
**ThesisMain.tex
(./ThesisMain.tex
LaTeX2e <2009/09/24>
Babel <v3.8l> and hyphenation patterns for english, usenglishmax, dumylang, noh
yphenation, loaded.
(/usr/share/texmf-texlive/tex/latex/base/report.cls
Document Class: report 2007/10/19 v1.4h Standard LaTeX document class
(/usr/share/texmf-texlive/tex/latex/base/size12.clo
File: size12.clo 2007/10/19 v1.4h Standard LaTeX file (size option)
)
\c@part=\count79
\c@chapter=\count80
\c@section=\count81
\c@subsection=\count82
\c@subsubsection=\count83
\c@paragraph=\count84
\c@subparagraph=\count85
\c@figure=\count86
\c@table=\count87
\abovecaptionskip=\skip41
\belowcaptionskip=\skip42
\bibindent=\dimen102
)
(/usr/share/texmf-texlive/tex/latex/natbib/natbib.sty
Package: natbib 2009/07/16 8.31 (PWD, AO)
\bibhang=\skip43
\bibsep=\skip44
LaTeX Info: Redefining \cite on input line 694.
\c@NAT@ctr=\count88
)
(/usr/share/texmf-texlive/tex/latex/ltxmisc/a4wide.sty
Package: a4wide 1994/08/30

(/usr/share/texmf-texlive/tex/latex/ntgclass/a4.sty
Package: a4 2004/04/15 v1.2g A4 based page layout
)) (./aas_macros.sty)
(/usr/share/texmf-texlive/tex/latex/sidecap/sidecap.sty
Package: sidecap 2003/06/06 v1.6f SideCap Package (RN/HjG)

(/usr/share/texmf-texlive/tex/latex/base/ifthen.sty
Package: ifthen 2001/05/26 v1.1c Standard LaTeX ifthen package (DPC)
)
\SC@BOXWD=\dimen103
\SC@CAPWD=\dimen104
\SC@tempdima=\dimen105
\SC@tempdimb=\dimen106
\c@SC@C=\count89
\SC@BOX=\box26
)
(/usr/share/texmf-texlive/tex/latex/fancyhdr/fancyhdr.sty
\fancy@headwidth=\skip45
\f@ncyO@elh=\skip46
\f@ncyO@erh=\skip47
\f@ncyO@olh=\skip48
\f@ncyO@orh=\skip49
\f@ncyO@elf=\skip50
\f@ncyO@erf=\skip51
\f@ncyO@olf=\skip52
\f@ncyO@orf=\skip53
) (./chronology.sty
Package: chronology 2010/6/12 v1.0 Horizontal timeline

(/usr/share/texmf-texlive/tex/latex/tools/calc.sty
Package: calc 2007/08/22 v4.3 Infix arithmetic (KKT,FJ)
\calc@Acount=\count90
\calc@Bcount=\count91
\calc@Adimen=\dimen107
\calc@Bdimen=\dimen108
\calc@Askip=\skip54
\calc@Bskip=\skip55
LaTeX Info: Redefining \setlength on input line 76.
LaTeX Info: Redefining \addtolength on input line 77.
\calc@Ccount=\count92
\calc@Cskip=\skip56
)
(/usr/share/texmf/tex/latex/pgf/frontendlayer/tikz.sty
(/usr/share/texmf/tex/latex/pgf/basiclayer/pgf.sty
(/usr/share/texmf/tex/latex/pgf/utilities/pgfrcs.sty
(/usr/share/texmf/tex/generic/pgf/utilities/pgfutil-common.tex
\pgfutil@everybye=\toks14
)
(/usr/share/texmf/tex/generic/pgf/utilities/pgfutil-latex.def)
(/usr/share/texmf/tex/generic/pgf/utilities/pgfrcs.code.tex
Package: pgfrcs 2008/02/20 v2.00 (rcs-revision 1.21)
))
Package: pgf 2008/01/15 v2.00 (rcs-revision 1.12)

(/usr/share/texmf/tex/latex/pgf/basiclayer/pgfcore.sty
(/usr/share/texmf-texlive/tex/latex/graphics/graphicx.sty
Package: graphicx 1999/02/16 v1.0f Enhanced LaTeX Graphics (DPC,SPQR)

(/usr/share/texmf-texlive/tex/latex/graphics/keyval.sty
Package: keyval 1999/03/16 v1.13 key=value parser (DPC)
\KV@toks@=\toks15
)
(/usr/share/texmf-texlive/tex/latex/graphics/graphics.sty
Package: graphics 2009/02/05 v1.0o Standard LaTeX Graphics (DPC,SPQR)

(/usr/share/texmf-texlive/tex/latex/graphics/trig.sty
Package: trig 1999/03/16 v1.09 sin cos tan (DPC)
)
(/etc/texmf/tex/latex/config/graphics.cfg
File: graphics.cfg 2009/08/28 v1.8 graphics configuration of TeX Live
)
Package graphics Info: Driver file: pdftex.def on input line 91.

(/usr/share/texmf-texlive/tex/latex/pdftex-def/pdftex.def
File: pdftex.def 2009/08/25 v0.04m Graphics/color for pdfTeX
\Gread@gobject=\count93
))
\Gin@req@height=\dimen109
\Gin@req@width=\dimen110
)
(/usr/share/texmf/tex/latex/pgf/systemlayer/pgfsys.sty
(/usr/share/texmf/tex/generic/pgf/systemlayer/pgfsys.code.tex
Package: pgfsys 2008/02/07 v2.00 (rcs-revision 1.31)

(/usr/share/texmf/tex/generic/pgf/utilities/pgfkeys.code.tex
\pgfkeys@pathtoks=\toks16
\pgfkeys@temptoks=\toks17
)
\pgf@x=\dimen111
\pgf@y=\dimen112
\pgf@xa=\dimen113
\pgf@ya=\dimen114
\pgf@xb=\dimen115
\pgf@yb=\dimen116
\pgf@xc=\dimen117
\pgf@yc=\dimen118
\c@pgf@counta=\count94
\c@pgf@countb=\count95
\c@pgf@countc=\count96
\c@pgf@countd=\count97

(/usr/share/texmf/tex/generic/pgf/systemlayer/pgf.cfg
File: pgf.cfg 2008/01/13  (rcs-revision 1.6)
)
Package pgfsys Info: Driver file for pgf: pgfsys-pdftex.def on input line 885.

(/usr/share/texmf/tex/generic/pgf/systemlayer/pgfsys-pdftex.def
File: pgfsys-pdftex.def 2007/12/20  (rcs-revision 1.20)

(/usr/share/texmf/tex/generic/pgf/systemlayer/pgfsys-common-pdf.def
File: pgfsys-common-pdf.def 2007/12/17  (rcs-revision 1.8)
)))
(/usr/share/texmf/tex/generic/pgf/systemlayer/pgfsyssoftpath.code.tex
File: pgfsyssoftpath.code.tex 2008/01/23  (rcs-revision 1.6)
\pgfsyssoftpath@smallbuffer@items=\count98
\pgfsyssoftpath@bigbuffer@items=\count99
)
(/usr/share/texmf/tex/generic/pgf/systemlayer/pgfsysprotocol.code.tex
File: pgfsysprotocol.code.tex 2006/10/16  (rcs-revision 1.4)
))
(/usr/share/texmf/tex/latex/xcolor/xcolor.sty
Package: xcolor 2007/01/21 v2.11 LaTeX color extensions (UK)

(/etc/texmf/tex/latex/config/color.cfg
File: color.cfg 2007/01/18 v1.5 color configuration of teTeX/TeXLive
)
Package xcolor Info: Driver file: pdftex.def on input line 225.
Package xcolor Info: Model `cmy' substituted by `cmy0' on input line 1337.
Package xcolor Info: Model `hsb' substituted by `rgb' on input line 1341.
Package xcolor Info: Model `RGB' extended on input line 1353.
Package xcolor Info: Model `HTML' substituted by `rgb' on input line 1355.
Package xcolor Info: Model `Hsb' substituted by `hsb' on input line 1356.
Package xcolor Info: Model `tHsb' substituted by `hsb' on input line 1357.
Package xcolor Info: Model `HSB' substituted by `hsb' on input line 1358.
Package xcolor Info: Model `Gray' substituted by `gray' on input line 1359.
Package xcolor Info: Model `wave' substituted by `hsb' on input line 1360.
)
(/usr/share/texmf/tex/generic/pgf/basiclayer/pgfcore.code.tex
Package: pgfcore 2008/01/15 v2.00 (rcs-revision 1.6)

(/usr/share/texmf/tex/generic/pgf/math/pgfmath.code.tex
(/usr/share/texmf/tex/generic/pgf/math/pgfmathcalc.code.tex
(/usr/share/texmf/tex/generic/pgf/math/pgfmathutil.code.tex
\pgfmath@box=\box27
)
(/usr/share/texmf/tex/generic/pgf/math/pgfmathparser.code.tex
\pgfmath@stack=\toks18
\c@pgfmath@parsecounta=\count100
\c@pgfmath@parsecountb=\count101
\c@pgfmath@parsecountc=\count102
\pgfmath@parsex=\dimen119
)
(/usr/share/texmf/tex/generic/pgf/math/pgfmathoperations.code.tex
(/usr/share/texmf/tex/generic/pgf/math/pgfmathtrig.code.tex)
(/usr/share/texmf/tex/generic/pgf/math/pgfmathrnd.code.tex))
(/usr/share/texmf/tex/generic/pgf/math/pgfmathbase.code.tex)))
(/usr/share/texmf/tex/generic/pgf/basiclayer/pgfcorepoints.code.tex
File: pgfcorepoints.code.tex 2008/02/03  (rcs-revision 1.13)
\pgf@picminx=\dimen120
\pgf@picmaxx=\dimen121
\pgf@picminy=\dimen122
\pgf@picmaxy=\dimen123
\pgf@pathminx=\dimen124
\pgf@pathmaxx=\dimen125
\pgf@pathminy=\dimen126
\pgf@pathmaxy=\dimen127
\pgf@xx=\dimen128
\pgf@xy=\dimen129
\pgf@yx=\dimen130
\pgf@yy=\dimen131
\pgf@zx=\dimen132
\pgf@zy=\dimen133
)
(/usr/share/texmf/tex/generic/pgf/basiclayer/pgfcorepathconstruct.code.tex
File: pgfcorepathconstruct.code.tex 2008/02/13  (rcs-revision 1.14)
\pgf@path@lastx=\dimen134
\pgf@path@lasty=\dimen135
)
(/usr/share/texmf/tex/generic/pgf/basiclayer/pgfcorepathusage.code.tex
File: pgfcorepathusage.code.tex 2008/01/23  (rcs-revision 1.11)
\pgf@shorten@end@additional=\dimen136
\pgf@shorten@start@additional=\dimen137
)
(/usr/share/texmf/tex/generic/pgf/basiclayer/pgfcorescopes.code.tex
File: pgfcorescopes.code.tex 2008/01/15  (rcs-revision 1.26)
\pgfpic=\box28
\pgf@hbox=\box29
\pgf@layerbox@main=\box30
\pgf@picture@serial@count=\count103
)
(/usr/share/texmf/tex/generic/pgf/basiclayer/pgfcoregraphicstate.code.tex
File: pgfcoregraphicstate.code.tex 2007/12/12  (rcs-revision 1.8)
\pgflinewidth=\dimen138
)
(/usr/share/texmf/tex/generic/pgf/basiclayer/pgfcoretransformations.code.tex
File: pgfcoretransformations.code.tex 2008/02/04  (rcs-revision 1.10)
\pgf@pt@x=\dimen139
\pgf@pt@y=\dimen140
\pgf@pt@temp=\dimen141
)
(/usr/share/texmf/tex/generic/pgf/basiclayer/pgfcorequick.code.tex
File: pgfcorequick.code.tex 2006/10/11  (rcs-revision 1.2)
)
(/usr/share/texmf/tex/generic/pgf/basiclayer/pgfcoreobjects.code.tex
File: pgfcoreobjects.code.tex 2006/10/11  (rcs-revision 1.2)
)
(/usr/share/texmf/tex/generic/pgf/basiclayer/pgfcorepathprocessing.code.tex
File: pgfcorepathprocessing.code.tex 2008/01/23  (rcs-revision 1.7)
)
(/usr/share/texmf/tex/generic/pgf/basiclayer/pgfcorearrows.code.tex
File: pgfcorearrows.code.tex 2007/06/07  (rcs-revision 1.8)
)
(/usr/share/texmf/tex/generic/pgf/basiclayer/pgfcoreshade.code.tex
File: pgfcoreshade.code.tex 2007/12/10  (rcs-revision 1.9)
\pgf@max=\dimen142
\pgf@sys@shading@range@num=\count104
)
(/usr/share/texmf/tex/generic/pgf/basiclayer/pgfcoreimage.code.tex
File: pgfcoreimage.code.tex 2008/01/15  (rcs-revision 1.1)
\pgfexternal@startupbox=\box31
)
(/usr/share/texmf/tex/generic/pgf/basiclayer/pgfcorelayers.code.tex
File: pgfcorelayers.code.tex 2008/01/15  (rcs-revision 1.1)
)
(/usr/share/texmf/tex/generic/pgf/basiclayer/pgfcoretransparency.code.tex
File: pgfcoretransparency.code.tex 2008/01/17  (rcs-revision 1.2)
)
(/usr/share/texmf/tex/generic/pgf/basiclayer/pgfcorepatterns.code.tex
File: pgfcorepatterns.code.tex 2008/01/15  (rcs-revision 1.1)
)))
(/usr/share/texmf/tex/generic/pgf/modules/pgfmoduleshapes.code.tex
File: pgfmoduleshapes.code.tex 2008/02/13  (rcs-revision 1.4)
\pgfnodeparttextbox=\box32
\toks@savedmacro=\toks19
)
(/usr/share/texmf/tex/generic/pgf/modules/pgfmoduleplot.code.tex
File: pgfmoduleplot.code.tex 2008/01/15  (rcs-revision 1.1)
\pgf@plotwrite=\write3
)
(/usr/share/texmf/tex/latex/pgf/compatibility/pgfcomp-version-0-65.sty
Package: pgfcomp-version-0-65 2007/07/03 v2.00 (rcs-revision 1.7)
\pgf@nodesepstart=\dimen143
\pgf@nodesepend=\dimen144
)
(/usr/share/texmf/tex/latex/pgf/compatibility/pgfcomp-version-1-18.sty
Package: pgfcomp-version-1-18 2007/07/23 v2.00 (rcs-revision 1.1)
))
(/usr/share/texmf/tex/latex/pgf/utilities/pgffor.sty
(/usr/share/texmf/tex/generic/pgf/utilities/pgffor.code.tex
Package: pgffor 2007/11/07 v2.00 (rcs-revision 1.8)
\pgffor@iter=\dimen145
\pgffor@skip=\dimen146
))
(/usr/share/texmf/tex/generic/pgf/frontendlayer/tikz/tikz.code.tex
Package: tikz 2008/02/13 v2.00 (rcs-revision 1.27)

(/usr/share/texmf/tex/generic/pgf/libraries/pgflibraryplothandlers.code.tex
File: pgflibraryplothandlers.code.tex 2007/03/09 v2.00 (rcs-revision 1.9)
\pgf@plot@mark@count=\count105
\pgfplotmarksize=\dimen147
)
\tikz@lastx=\dimen148
\tikz@lasty=\dimen149
\tikz@lastxsaved=\dimen150
\tikz@lastysaved=\dimen151
\tikzleveldistance=\dimen152
\tikzsiblingdistance=\dimen153
\tikz@figbox=\box33
\tikz@tempbox=\box34
\tikztreelevel=\count106
\tikznumberofchildren=\count107
\tikznumberofcurrentchild=\count108
\tikz@fig@count=\count109

(/usr/share/texmf/tex/generic/pgf/modules/pgfmodulematrix.code.tex
File: pgfmodulematrix.code.tex 2008/01/15  (rcs-revision 1.1)
\pgfmatrixcurrentrow=\count110
\pgfmatrixcurrentcolumn=\count111
\pgf@matrix@numberofcolumns=\count112
)
\tikz@expandcount=\count113

(/usr/share/texmf/tex/generic/pgf/frontendlayer/tikz/libraries/tikzlibrarytopat
hs.code.tex
File: tikzlibrarytopaths.code.tex 2008/01/09 v2.00 (rcs-revision 1.1)
)))) (/usr/share/texmf-texlive/tex/latex/ltxmisc/url.sty
\Urlmuskip=\muskip10
Package: url 2006/04/12  ver 3.3  Verb mode for urls, etc.
)
(/usr/share/texmf-texlive/tex/latex/rotating/rotating.sty
Package: rotating 2009/03/28 v2.16a rotated objects in LaTeX
\c@r@tfl@t=\count114
\rotFPtop=\skip57
\rotFPbot=\skip58
\rot@float@box=\box35
\rot@mess@toks=\toks20
)
(/usr/share/texmf-texlive/tex/latex/tools/xspace.sty
Package: xspace 2006/05/08 v1.12 Space after command names (DPC,MH)
)
(/usr/share/texmf/tex/generic/pgf/frontendlayer/tikz/libraries/tikzlibrarydecor
ations.code.tex
(/usr/share/texmf/tex/generic/pgf/modules/pgfmoduledecorations.code.tex
\pgfdecoratedcompleteddistance=\dimen154
\pgfdecoratedremainingdistance=\dimen155
\pgfdecoratedinputsegmentcompleteddistance=\dimen156
\pgfdecoratedinputsegmentremainingdistance=\dimen157
\pgf@decorate@distancetomove=\dimen158
\pgf@decorate@repeatstate=\count115
\pgfdecorationsegmentamplitude=\dimen159
\pgfdecorationsegmentlength=\dimen160
))
(/usr/share/texmf-texlive/tex/latex/subfloat/subfloat.sty
Package: subfloat 2003/08/21 version 2.14

Package `subfloat', Version 2.14 of 2003/08/21.

Package subfloat Warning: Numbers of floats not counted:
(subfloat)                If you use one of the counters subfloatfiguremax or
(subfloat)                subfloattablemax you will get strange error messages
(subfloat)                containing \c@subfloatfiguremax or
(subfloat)                \c@subfloattablemax:
(subfloat)                Please switch on countmax or remove the code using
(subfloat)                the counter then..

) (/usr/share/texmf-texlive/tex/latex/subfig/subfig.sty
Package: subfig 2005/06/28 ver: 1.3 subfig package

(/usr/share/texmf-texlive/tex/latex/caption/caption.sty
Package: caption 2009/10/09 v3.1k Customizing captions (AR)

(/usr/share/texmf-texlive/tex/latex/caption/caption3.sty
Package: caption3 2009/10/09 v3.1k caption3 kernel (AR)
\captionmargin=\dimen161
\captionmargin@=\dimen162
\captionwidth=\dimen163
\caption@indent=\dimen164
\caption@parindent=\dimen165
\caption@hangindent=\dimen166
)
\c@ContinuedFloat=\count116
Package caption Info: rotating package is loaded.
Package caption Info: sidecap package is loaded.
)
\c@KVtest=\count117
\sf@farskip=\skip59
\sf@captopadj=\dimen167
\sf@capskip=\skip60
\sf@nearskip=\skip61
\c@subfigure=\count118
\c@subfigure@save=\count119
\c@lofdepth=\count120
\c@subtable=\count121
\c@subtable@save=\count122
\c@lotdepth=\count123
\sf@top=\skip62
\sf@bottom=\skip63
)
(/usr/share/texmf-texlive/tex/latex/colortbl/colortbl.sty
Package: colortbl 2001/02/13 v0.1j Color table columns (DPC)

(/usr/share/texmf-texlive/tex/latex/tools/array.sty
Package: array 2008/09/09 v2.4c Tabular extension package (FMi)
\col@sep=\dimen168
\extrarowheight=\dimen169
\NC@list=\toks21
\extratabsurround=\skip64
\backup@length=\skip65
)
\everycr=\toks22
\minrowclearance=\skip66
)
(/usr/share/texmf-texlive/tex/latex/setspace/setspace.sty
Package: setspace 2000/12/01 6.7 Contributed and Supported LaTeX2e package

Package: `setspace' 6.7 <2000/12/01>
)

LaTeX Warning: Unused global option(s):
    [english].

(./ThesisMain.aux (./Introduction.aux) (./CBASSProject.aux)
(./NorthernSystem.aux) (./SouthReceiver_Components.aux) (./ReceiverTesting.aux)
(./SouthernSystem.aux) (./SouthernReceiverDeployment.aux)
(./PreliminaryData.aux) (./Conclusions.aux))
\openout1 = `ThesisMain.aux'.

LaTeX Font Info:    Checking defaults for OML/cmm/m/it on input line 76.
LaTeX Font Info:    ... okay on input line 76.
LaTeX Font Info:    Checking defaults for T1/cmr/m/n on input line 76.
LaTeX Font Info:    ... okay on input line 76.
LaTeX Font Info:    Checking defaults for OT1/cmr/m/n on input line 76.
LaTeX Font Info:    ... okay on input line 76.
LaTeX Font Info:    Checking defaults for OMS/cmsy/m/n on input line 76.
LaTeX Font Info:    ... okay on input line 76.
LaTeX Font Info:    Checking defaults for OMX/cmex/m/n on input line 76.
LaTeX Font Info:    ... okay on input line 76.
LaTeX Font Info:    Checking defaults for U/cmr/m/n on input line 76.
LaTeX Font Info:    ... okay on input line 76.

(/usr/share/texmf-texlive/tex/latex/ms/ragged2e.sty
Package: ragged2e 2009/05/21 v2.1 ragged2e Package (MS)

(/usr/share/texmf-texlive/tex/latex/ms/everysel.sty
Package: everysel 1999/06/08 v1.03 EverySelectfont Package (MS)
LaTeX Info: Redefining \selectfont on input line 125.
)
\CenteringLeftskip=\skip67
\RaggedLeftLeftskip=\skip68
\RaggedRightLeftskip=\skip69
\CenteringRightskip=\skip70
\RaggedLeftRightskip=\skip71
\RaggedRightRightskip=\skip72
\CenteringParfillskip=\skip73
\RaggedLeftParfillskip=\skip74
\RaggedRightParfillskip=\skip75
\JustifyingParfillskip=\skip76
\CenteringParindent=\skip77
\RaggedLeftParindent=\skip78
\RaggedRightParindent=\skip79
\JustifyingParindent=\skip80
)
(/usr/share/texmf/tex/context/base/supp-pdf.mkii
[Loading MPS to PDF converter (version 2006.09.02).]
\scratchcounter=\count124
\scratchdimen=\dimen170
\scratchbox=\box36
\nofMPsegments=\count125
\nofMParguments=\count126
\everyMPshowfont=\toks23
\MPscratchCnt=\count127
\MPscratchDim=\dimen171
\MPnumerator=\count128
\everyMPtoPDFconversion=\toks24
)
Package caption Info: Begin \AtBeginDocument code.
Package caption3 Info: subfig package 1.2 or 1.3 is loaded.
LaTeX Info: Redefining \subref on input line 76.
Package caption Info: End \AtBeginDocument code.
LaTeX Font Info:    External font `cmex10' loaded for size
(Font)              <12> on input line 87.
LaTeX Font Info:    External font `cmex10' loaded for size
(Font)              <8> on input line 87.
LaTeX Font Info:    External font `cmex10' loaded for size
(Font)              <6> on input line 87.
 <./images/logos/OxfordLogo.png, id=4, 421.575pt x 451.6875pt>
File: ./images/logos/OxfordLogo.png Graphic file (type png)

<use ./images/logos/OxfordLogo.png>
Overfull \hbox (20.03522pt too wide) in paragraph at lines 89--90
[][] 
 []

File: ./images/logos/OxfordLogo.png Graphic file (type png)
<use ./images/logos/OxfordLogo.png>
Overfull \hbox (20.03522pt too wide) in paragraph at lines 101--102
[][] 
 []

[1

{/var/lib/texmf/fonts/map/pdftex/updmap/pdftex.map} <./images/logos/OxfordLogo.
png (PNG copy)>] (./ThesisMain.toc [2


] [3])
\tf@toc=\write4
\openout4 = `ThesisMain.toc'.

 [4] [1]
\openout2 = `Introduction.aux'.

 (./Introduction.tex
Chapter 1.
Missing character: There is no ¬ in font cmr12!
Missing character: There is no ê in font cmr12!
[1


]
Overfull \hbox (2.75203pt too wide) in paragraph at lines 33--36
\OT1/cmtt/m/n/12 http : / / www . atnf . csiro . au / research / radio-[]school
 / 2011 / talks / CondonContinuum2011 . pdf$ 
 []


Underfull \hbox (badness 10000) in paragraph at lines 33--36

 []

) [2]
\openout2 = `CBASSProject.aux'.

 (./CBASSProject.tex
Chapter 2.
) [3




] [4]
\openout2 = `NorthernSystem.aux'.

 (./NorthernSystem.tex
<./images/NotchFilter/firstpassband.png, id=43, 526.1256pt x 436.5108pt>
File: ./images/NotchFilter/firstpassband.png Graphic file (type png)

<use ./images/NotchFilter/firstpassband.png>
<./images/NotchFilter/finalpassband.png, id=44, 519.3804pt x 448.074pt>
File: ./images/NotchFilter/finalpassband.png Graphic file (type png)

<use ./images/NotchFilter/finalpassband.png>
<./images/NotchFilter/altazmapannotated.png, id=45, 1284.8pt x 699.61375pt>
File: ./images/NotchFilter/altazmapannotated.png Graphic file (type png)

<use ./images/NotchFilter/altazmapannotated.png>
<./images/NotchFilter/IntensityChannelBeforeNotch.pdf, id=47, 715.67375pt x 220
.825pt>
File: ./images/NotchFilter/IntensityChannelBeforeNotch.pdf Graphic file (type p
df)
 <use ./images/NotchFilter/IntensityChannelBeforeNotch.pdf>
Overfull \hbox (7.83325pt too wide) in paragraph at lines 36--36
 [][] 
 []


<./images/NotchFilter/IntensityChannelAfterNotch.pdf, id=48, 715.67375pt x 220.
825pt>
File: ./images/NotchFilter/IntensityChannelAfterNotch.pdf Graphic file (type pd
f)
 <use ./images/NotchFilter/IntensityChannelAfterNotch.pdf>
LaTeX Font Info:    External font `cmex10' loaded for size
(Font)              <7> on input line 39.
LaTeX Font Info:    External font `cmex10' loaded for size
(Font)              <5> on input line 39.

Overfull \hbox (7.83325pt too wide) in paragraph at lines 39--39
 [][] 
 []


<./images/NotchFilter/IntensityChannelAfterBPFandNotch.pdf, id=49, 715.67375pt 
x 220.825pt>
File: ./images/NotchFilter/IntensityChannelAfterBPFandNotch.pdf Graphic file (t
ype pdf)
 <use ./images/NotchFilter/IntensityChannelAfterBPFandNotch.pdf>
Overfull \hbox (7.83325pt too wide) in paragraph at lines 42--43
 [][] 
 []


LaTeX Warning: Float too large for page by 22.91124pt on input line 46.

<./images/NotchFilter/RFI/norm_max_rfi.png, id=50, 578.57297pt x 433.62pt>
File: ./images/NotchFilter/RFI/norm_max_rfi.png Graphic file (type png)

<use ./images/NotchFilter/RFI/norm_max_rfi.png>
<./images/NotchFilter/RFI/figs-satellite.png, id=51, 405.1938pt x 326.1786pt>
File: ./images/NotchFilter/RFI/figs-satellite.png Graphic file (type png)

<use ./images/NotchFilter/RFI/figs-satellite.png> [5



] [6 <./images/NotchFilter/firstpassband.png (PNG copy)> <./images/NotchFilter/
finalpassband.png (PNG copy)>] [7 <./images/NotchFilter/altazmapannotated.png>]
 [8 <./images/NotchFilter/IntensityChannelBeforeNotch.pdf> <./images/NotchFilte
r/IntensityChannelAfterNotch.pdf> <./images/NotchFilter/IntensityChannelAfterBP
FandNotch.pdf>] [9 <./images/NotchFilter/RFI/norm_max_rfi.png (PNG copy)> <./im
ages/NotchFilter/RFI/figs-satellite.png (PNG copy)>]
<./images/NotchFilter/squareRingResonator.png, id=92, 288.07625pt x 238.8925pt>
File: ./images/NotchFilter/squareRingResonator.png Graphic file (type png)
<use ./images/NotchFilter/squareRingResonator.png>
<./images/NotchFilter/circularRingResonator.png, id=93, 303.1325pt x 240.9pt>
File: ./images/NotchFilter/circularRingResonator.png Graphic file (type png)

<use ./images/NotchFilter/circularRingResonator.png>
<./images/NotchFilter/Design1.png, id=94, 466.74374pt x 271.0125pt>
File: ./images/NotchFilter/Design1.png Graphic file (type png)

<use ./images/NotchFilter/Design1.png>
<./images/NotchFilter/s21.png, id=95, 736.7525pt x 499.8675pt>
File: ./images/NotchFilter/s21.png Graphic file (type png)

<use ./images/NotchFilter/s21.png> [10

] [11 <./images/NotchFilter/squareRingResonator.png (PNG copy)> <./images/Notch
Filter/circularRingResonator.png (PNG copy)> <./images/NotchFilter/Design1.png 
(PNG copy)> <./images/NotchFilter/s21.png (PNG copy)>]
<./images/NotchFilter/IMAG0148.jpg, id=103, 1814.78pt x 1947.275pt>
File: ./images/NotchFilter/IMAG0148.jpg Graphic file (type jpg)

<use ./images/NotchFilter/IMAG0148.jpg>
<./images/NotchFilter/MeauredResults.JPG, id=104, 1422.81563pt x 601.4972pt>
File: ./images/NotchFilter/MeauredResults.JPG Graphic file (type jpg)

<use ./images/NotchFilter/MeauredResults.JPG> [12

 <./images/NotchFilter/IMAG0148.jpg>] [13 <./images/NotchFilter/MeauredResults.
JPG>]
<./images/NotchFilter/CoolingResponse.jpg, id=111, 595.93842pt x 343.42703pt>
File: ./images/NotchFilter/CoolingResponse.jpg Graphic file (type jpg)

<use ./images/NotchFilter/CoolingResponse.jpg> [14

 <./images/NotchFilter/CoolingResponse.jpg>]
<./images/NotchFilter/cryostatInstall.jpg, id=116, 481.8pt x 640.3925pt>
File: ./images/NotchFilter/cryostatInstall.jpg Graphic file (type jpg)

<use ./images/NotchFilter/cryostatInstall.jpg>
<./images/NotchFilter/CryostatTransmission.pdf, id=117, 449.68pt x 338.26375pt>
File: ./images/NotchFilter/CryostatTransmission.pdf Graphic file (type pdf)
<use ./images/NotchFilter/CryostatTransmission.pdf> [15

 <./images/NotchFilter/cryostatInstall.jpg>]) [16 <./images/NotchFilter/Cryosta
tTransmission.pdf>]
\openout2 = `SouthReceiver_Components.aux'.


(./SouthReceiver_Components.tex
Chapter 3.
<images/receiver_schematics/rfNew.jpg, id=127, 852.0633pt x 274.626pt>
File: images/receiver_schematics/rfNew.jpg Graphic file (type jpg)

<use images/receiver_schematics/rfNew.jpg>
<images/receiver_schematics/precon.jpg, id=128, 559.8516pt x 150.3216pt>
File: images/receiver_schematics/precon.jpg Graphic file (type jpg)

<use images/receiver_schematics/precon.jpg>
<images/receiver_schematics/roach.jpg, id=129, 488.5452pt x 264.5082pt>
File: images/receiver_schematics/roach.jpg Graphic file (type jpg)

<use images/receiver_schematics/roach.jpg> [17




] [18 <./images/receiver_schematics/rfNew.jpg>] [19 <./images/receiver_schemati
cs/precon.jpg> <./images/receiver_schematics/roach.jpg>] [20

] [21] [22] [23

]
<./images/LowFrequencyFilters/lowpass.png, id=154, 1362.08875pt x 341.275pt>
File: ./images/LowFrequencyFilters/lowpass.png Graphic file (type png)

<use ./images/LowFrequencyFilters/lowpass.png>
Overfull \hbox (7.83325pt too wide) in paragraph at lines 122--122
 [][] 
 []


<./images/LowFrequencyFilters/bandpass.png, id=155, 1355.0625pt x 358.33875pt>
File: ./images/LowFrequencyFilters/bandpass.png Graphic file (type png)

<use ./images/LowFrequencyFilters/bandpass.png>
Overfull \hbox (7.83325pt too wide) in paragraph at lines 125--126
 [][] 
 []


<./images/LowFrequencyFilters/lpf10asimvsmeasured1.png, id=156, 1322.9425pt x 8
61.2175pt>
File: ./images/LowFrequencyFilters/lpf10asimvsmeasured1.png Graphic file (type 
png)
 <use ./images/LowFrequencyFilters/lpf10asimvsmeasured1.png>
<./images/LowFrequencyFilters/lpf10asimvsmeasured2.png, id=157, 1314.9125pt x 8
79.285pt>
File: ./images/LowFrequencyFilters/lpf10asimvsmeasured2.png Graphic file (type 
png)
 <use ./images/LowFrequencyFilters/lpf10asimvsmeasured2.png>
<./images/LowFrequencyFilters/LowpassFilter.png, id=158, 578.16pt x 433.62pt>
File: ./images/LowFrequencyFilters/LowpassFilter.png Graphic file (type png)

<use ./images/LowFrequencyFilters/LowpassFilter.png>
<./images/LowFrequencyFilters/BandpassFilter.png, id=159, 578.16pt x 433.62pt>
File: ./images/LowFrequencyFilters/BandpassFilter.png Graphic file (type png)

<use ./images/LowFrequencyFilters/BandpassFilter.png> [24] [25 <./images/LowFre
quencyFilters/lowpass.png> <./images/LowFrequencyFilters/bandpass.png>]
[26 <./images/LowFrequencyFilters/lpf10asimvsmeasured1.png (PNG copy)> <./image
s/LowFrequencyFilters/lpf10asimvsmeasured2.png (PNG copy)>]
<./images/LowFrequencyFilters/inductorStyles.png, id=172, 1927.2pt x 1204.5pt>
File: ./images/LowFrequencyFilters/inductorStyles.png Graphic file (type png)

<use ./images/LowFrequencyFilters/inductorStyles.png> [27] [28 <./images/LowFre
quencyFilters/LowpassFilter.png> <./images/LowFrequencyFilters/BandpassFilter.p
ng>]
<./images/LowFrequencyFilters/filterBoxing.png, id=181, 1284.8pt x 902.37125pt>
File: ./images/LowFrequencyFilters/filterBoxing.png Graphic file (type png)
<use ./images/LowFrequencyFilters/filterBoxing.png>
<./images/LowFrequencyFilters/DSC03823a.jpg, id=182, 602.25pt x 217.5628pt>
File: ./images/LowFrequencyFilters/DSC03823a.jpg Graphic file (type jpg)

<use ./images/LowFrequencyFilters/DSC03823a.jpg> [29 <./images/LowFrequencyFilt
ers/inductorStyles.png (PNG copy)>] [30 <./images/LowFrequencyFilters/filterBox
ing.png>] [31 <./images/LowFrequencyFilters/DSC03823a.jpg>] [32]
<./images/LNAPSU/LNF-PS2_schematic.png, id=197, 870.6126pt x 333.4056pt>
File: ./images/LNAPSU/LNF-PS2_schematic.png Graphic file (type png)

<use ./images/LNAPSU/LNF-PS2_schematic.png>
<./images/LNAPSU/LNFNew.png, id=198, 1596.96625pt x 892.33376pt>
File: ./images/LNAPSU/LNFNew.png Graphic file (type png)

<use ./images/LNAPSU/LNFNew.png>
Overfull \hbox (7.83325pt too wide) in paragraph at lines 270--270
 [][] 
 []

<./images/LNAPSU/ReferenceSupply.png, id=199, 599.23875pt x 935.495pt>
File: ./images/LNAPSU/ReferenceSupply.png Graphic file (type png)

<use ./images/LNAPSU/ReferenceSupply.png>

LaTeX Warning: Float too large for page by 16.21889pt on input line 278.

) [33 <./images/LNAPSU/LNF-PS2_schematic.png (PNG copy)>] [34 <./images/LNAPSU/
LNFNew.png (PNG copy)> <./images/LNAPSU/ReferenceSupply.png (PNG copy)>]
[35]
\openout2 = `ReceiverTesting.aux'.

 (./ReceiverTesting.tex
Chapter 4.

<./images/digitalReceiver/BandPassPlots/IFBandPass4GHzLO.pdf, id=209, 845.1575p
t x 597.23125pt>
File: ./images/digitalReceiver/BandPassPlots/IFBandPass4GHzLO.pdf Graphic file 
(type pdf)

<use ./images/digitalReceiver/BandPassPlots/IFBandPass4GHzLO.pdf>
<./images/digitalReceiver/BandPassPlots/IFBandPass4_5GHzLO.pdf, id=210, 845.157
5pt x 597.23125pt>
File: ./images/digitalReceiver/BandPassPlots/IFBandPass4_5GHzLO.pdf Graphic fil
e (type pdf)

<use ./images/digitalReceiver/BandPassPlots/IFBandPass4_5GHzLO.pdf>) [36




]
Overfull \vbox (771.73949pt too high) has occurred while \output is active []


[37 <./images/digitalReceiver/BandPassPlots/IFBandPass4GHzLO.pdf, page is rotat
ed 90 degrees> <./images/digitalReceiver/BandPassPlots/IFBandPass4_5GHzLO.pdf, 
page is rotated 90 degrees>]
\openout2 = `SouthernSystem.aux'.

 (./SouthernSystem.tex
Chapter 5.
[38




] [39]
<./images/photogrammetry/PhotoExamples/projectedAndRetrofelctive.JPG, id=230, 3
517.14pt x 2344.76pt>
File: ./images/photogrammetry/PhotoExamples/projectedAndRetrofelctive.JPG Graph
ic file (type jpg)

<use ./images/photogrammetry/PhotoExamples/projectedAndRetrofelctive.JPG>
<images/photogrammetry/section.pdf, id=231, 492.84125pt x 402.50375pt>
File: images/photogrammetry/section.pdf Graphic file (type pdf)

<use images/photogrammetry/section.pdf>
<images/photogrammetry/offset_section.pdf, id=232, 492.84125pt x 402.50375pt>
File: images/photogrammetry/offset_section.pdf Graphic file (type pdf)

<use images/photogrammetry/offset_section.pdf>
<images/photogrammetry/before.pdf, id=233, 452.69125pt x 400.49625pt>
File: images/photogrammetry/before.pdf Graphic file (type pdf)

<use images/photogrammetry/before.pdf>
Underfull \hbox (badness 3386) in paragraph at lines 55--55
\OT1/cmr/m/n/10 used in op-ti-cal de-sign be-fore transport-
 []

<images/photogrammetry/after.pdf, id=234, 452.69125pt x 400.49625pt>
File: images/photogrammetry/after.pdf Graphic file (type pdf)

<use images/photogrammetry/after.pdf>
Underfull \hbox (badness 6396) in paragraph at lines 57--57
\OT1/cmr/m/n/10 used in op-ti-cal de-sign af-ter transport-
 []

[40] [41 <./images/photogrammetry/PhotoExamples/projectedAndRetrofelctive.JPG>]
[42 <./images/photogrammetry/section.pdf> <./images/photogrammetry/offset_secti
on.pdf> <./images/photogrammetry/before.pdf> <./images/photogrammetry/after.pdf
>] <images/PAS7_cross_scans/img_1093.jpg, id=277, 2826.56pt x 2119.92pt>
File: images/PAS7_cross_scans/img_1093.jpg Graphic file (type jpg)

<use images/PAS7_cross_scans/img_1093.jpg>
<images/PAS7_cross_scans/focal_point.pdf, id=278, 1541.76pt x 898.35625pt>
File: images/PAS7_cross_scans/focal_point.pdf Graphic file (type pdf)

<use images/PAS7_cross_scans/focal_point.pdf>
<images/optics/optics4_after.png, id=279, 868.7149pt x 404.12204pt>
File: images/optics/optics4_after.png Graphic file (type png)

<use images/optics/optics4_after.png>) [43 <./images/PAS7_cross_scans/img_1093.
jpg>] [44] [45 <./images/PAS7_cross_scans/focal_point.pdf>] [46 <./images/optic
s/optics4_after.png (PNG copy)>]
\openout2 = `SouthernReceiverDeployment.aux'.

 (./SouthernReceiverDeployment.tex
Chapter 6.
) [47




]
\openout2 = `PreliminaryData.aux'.

 (./PreliminaryData.tex
Chapter 7.

Overfull \hbox (4.3778pt too wide) in paragraph at lines 4--4
[]\OT1/cmr/bx/n/14.4 TBD:Galactic Cen-tre?Spinning Dust Re-gions? deep CMB fiel
ds? 
 []

) [48




]
\openout2 = `Conclusions.aux'.

 (./Conclusions.tex
Chapter 8.
) [49




] (./appendix/stokes.tex [50



] [51] [52] [53]
<images/receiver_schematics/pseudo_correlation.png, id=320, 983.675pt x 695.598
75pt>
File: images/receiver_schematics/pseudo_correlation.png Graphic file (type png)

 <use images/receiver_schematics/pseudo_correlation.png>
<images/receiver_schematics/analogFull.png, id=321, 1501.61pt x 741.77126pt>
File: images/receiver_schematics/analogFull.png Graphic file (type png)

<use images/receiver_schematics/analogFull.png>) [54 <./images/receiver_schemat
ics/pseudo_correlation.png (PNG copy)>] [55 <./images/receiver_schematics/analo
gFull.png (PNG copy)>] (./ThesisMain.bbl
Missing character: There is no ¬ in font cmr12!
Missing character: There is no ê in font cmr12!
Missing character: There is no ¬ in font cmr12!
Missing character: There is no ê in font cmr12!

Overfull \hbox (103.22041pt too wide) in paragraph at lines 40--47
\OT1/cmr/bx/n/12 URL: \OT1/cmr/m/it/12 http://iopscience.iop.org/0067-0049/148/
1/97 http://www.springerlink.com/index/U7N188241NX16284.pdf 
 []

[56


]
Overfull \hbox (65.35335pt too wide) in paragraph at lines 72--82
\OT1/cmr/bx/n/12 URL: \OT1/cmr/m/it/12 http://stacks.iop.org/0004-637X/701/i=2/
a=1804?key=crossref.63c1817d14d523f8ff5d42d28be21168 
 []


Overfull \hbox (53.63106pt too wide) in paragraph at lines 113--122
\OT1/cmr/bx/n/12 URL: \OT1/cmr/m/it/12 http://stacks.iop.org/0067-0049/180/i=2/
a=265?key=crossref.069d33969f0beffca95eb6d970cb64d2 
 []

[57] [58]) [59] (./ThesisMain.aux (./Introduction.aux) (./CBASSProject.aux)
(./NorthernSystem.aux) (./SouthReceiver_Components.aux) (./ReceiverTesting.aux)
(./SouthernSystem.aux) (./SouthernReceiverDeployment.aux)
(./PreliminaryData.aux) (./Conclusions.aux)) )
(\end occurred inside a group at level 1)

### semi simple group (level 1) entered at line 140 (\begingroup)
### bottom level 
Here is how much of TeX's memory you used:
 10298 strings out of 495061
 185500 string characters out of 1182621
 235950 words of memory out of 3000000
 13146 multiletter control sequences out of 15000+50000
 9016 words of font info for 32 fonts, out of 3000000 for 9000
 28 hyphenation exceptions out of 8191
 54i,16n,51p,1684b,469s stack positions out of 5000i,500n,10000p,200000b,50000s
</usr/share/texmf-texlive/fonts/type1/public/amsfonts/cm/cmbx12
.pfb></usr/share/texmf-texlive/fonts/type1/public/amsfonts/cm/cmex10.pfb></usr/
share/texmf-texlive/fonts/type1/public/amsfonts/cm/cmmi12.pfb></usr/share/texmf
-texlive/fonts/type1/public/amsfonts/cm/cmmi6.pfb></usr/share/texmf-texlive/fon
ts/type1/public/amsfonts/cm/cmmi8.pfb></usr/share/texmf-texlive/fonts/type1/pub
lic/amsfonts/cm/cmr10.pfb></usr/share/texmf-texlive/fonts/type1/public/amsfonts
/cm/cmr12.pfb></usr/share/texmf-texlive/fonts/type1/public/amsfonts/cm/cmr6.pfb
></usr/share/texmf-texlive/fonts/type1/public/amsfonts/cm/cmr7.pfb></usr/share/
texmf-texlive/fonts/type1/public/amsfonts/cm/cmr8.pfb></usr/share/texmf-texlive
/fonts/type1/public/amsfonts/cm/cmsy10.pfb></usr/share/texmf-texlive/fonts/type
1/public/amsfonts/cm/cmsy7.pfb></usr/share/texmf-texlive/fonts/type1/public/ams
fonts/cm/cmsy8.pfb></usr/share/texmf-texlive/fonts/type1/public/amsfonts/cm/cmt
i12.pfb></usr/share/texmf-texlive/fonts/type1/public/amsfonts/cm/cmtt12.pfb>
Output written on ThesisMain.pdf (64 pages, 7354098 bytes).
PDF statistics:
 390 PDF objects out of 1000 (max. 8388607)
 0 named destinations out of 1000 (max. 500000)
 238 words of extra memory for PDF output out of 10000 (max. 10000000)

