This is pdfTeX, Version 3.1415926-1.40.10 (TeX Live 2009/Debian) (format=pdflatex 2011.8.30)  31 AUG 2011 13:18
entering extended mode
 %&-line parsing enabled.
**ConfirmationMain.tex
(./ConfirmationMain.tex
LaTeX2e <2009/09/24>
Babel <v3.8l> and hyphenation patterns for english, usenglishmax, dumylang, noh
yphenation, loaded.
(/usr/share/texmf-texlive/tex/latex/base/article.cls
Document Class: article 2007/10/19 v1.4h Standard LaTeX document class
(/usr/share/texmf-texlive/tex/latex/base/size12.clo
File: size12.clo 2007/10/19 v1.4h Standard LaTeX file (size option)
)
\c@part=\count79
\c@section=\count80
\c@subsection=\count81
\c@subsubsection=\count82
\c@paragraph=\count83
\c@subparagraph=\count84
\c@figure=\count85
\c@table=\count86
\abovecaptionskip=\skip41
\belowcaptionskip=\skip42
\bibindent=\dimen102
)
(/usr/share/texmf-texlive/tex/latex/natbib/natbib.sty
Package: natbib 2009/07/16 8.31 (PWD, AO)
\bibhang=\skip43
\bibsep=\skip44
LaTeX Info: Redefining \cite on input line 694.
\c@NAT@ctr=\count87
)
(/usr/share/texmf-texlive/tex/latex/ltxmisc/a4wide.sty
Package: a4wide 1994/08/30

(/usr/share/texmf-texlive/tex/latex/ntgclass/a4.sty
Package: a4 2004/04/15 v1.2g A4 based page layout
)) (./aas_macros.sty)
(/usr/share/texmf-texlive/tex/latex/sidecap/sidecap.sty
Package: sidecap 2003/06/06 v1.6f SideCap Package (RN/HjG)

(/usr/share/texmf-texlive/tex/latex/base/ifthen.sty
Package: ifthen 2001/05/26 v1.1c Standard LaTeX ifthen package (DPC)
)
\SC@BOXWD=\dimen103
\SC@CAPWD=\dimen104
\SC@tempdima=\dimen105
\SC@tempdimb=\dimen106
\c@SC@C=\count88
\SC@BOX=\box26
)
(/usr/share/texmf-texlive/tex/latex/fancyhdr/fancyhdr.sty
\fancy@headwidth=\skip45
\f@ncyO@elh=\skip46
\f@ncyO@erh=\skip47
\f@ncyO@olh=\skip48
\f@ncyO@orh=\skip49
\f@ncyO@elf=\skip50
\f@ncyO@erf=\skip51
\f@ncyO@olf=\skip52
\f@ncyO@orf=\skip53
) (./chronology.sty
Package: chronology 2010/6/12 v1.0 Horizontal timeline

(/usr/share/texmf-texlive/tex/latex/tools/calc.sty
Package: calc 2007/08/22 v4.3 Infix arithmetic (KKT,FJ)
\calc@Acount=\count89
\calc@Bcount=\count90
\calc@Adimen=\dimen107
\calc@Bdimen=\dimen108
\calc@Askip=\skip54
\calc@Bskip=\skip55
LaTeX Info: Redefining \setlength on input line 76.
LaTeX Info: Redefining \addtolength on input line 77.
\calc@Ccount=\count91
\calc@Cskip=\skip56
)
(/usr/share/texmf/tex/latex/pgf/frontendlayer/tikz.sty
(/usr/share/texmf/tex/latex/pgf/basiclayer/pgf.sty
(/usr/share/texmf/tex/latex/pgf/utilities/pgfrcs.sty
(/usr/share/texmf/tex/generic/pgf/utilities/pgfutil-common.tex
\pgfutil@everybye=\toks14
)
(/usr/share/texmf/tex/generic/pgf/utilities/pgfutil-latex.def)
(/usr/share/texmf/tex/generic/pgf/utilities/pgfrcs.code.tex
Package: pgfrcs 2008/02/20 v2.00 (rcs-revision 1.21)
))
Package: pgf 2008/01/15 v2.00 (rcs-revision 1.12)

(/usr/share/texmf/tex/latex/pgf/basiclayer/pgfcore.sty
(/usr/share/texmf-texlive/tex/latex/graphics/graphicx.sty
Package: graphicx 1999/02/16 v1.0f Enhanced LaTeX Graphics (DPC,SPQR)

(/usr/share/texmf-texlive/tex/latex/graphics/keyval.sty
Package: keyval 1999/03/16 v1.13 key=value parser (DPC)
\KV@toks@=\toks15
)
(/usr/share/texmf-texlive/tex/latex/graphics/graphics.sty
Package: graphics 2009/02/05 v1.0o Standard LaTeX Graphics (DPC,SPQR)

(/usr/share/texmf-texlive/tex/latex/graphics/trig.sty
Package: trig 1999/03/16 v1.09 sin cos tan (DPC)
)
(/etc/texmf/tex/latex/config/graphics.cfg
File: graphics.cfg 2009/08/28 v1.8 graphics configuration of TeX Live
)
Package graphics Info: Driver file: pdftex.def on input line 91.

(/usr/share/texmf-texlive/tex/latex/pdftex-def/pdftex.def
File: pdftex.def 2009/08/25 v0.04m Graphics/color for pdfTeX
\Gread@gobject=\count92
))
\Gin@req@height=\dimen109
\Gin@req@width=\dimen110
)
(/usr/share/texmf/tex/latex/pgf/systemlayer/pgfsys.sty
(/usr/share/texmf/tex/generic/pgf/systemlayer/pgfsys.code.tex
Package: pgfsys 2008/02/07 v2.00 (rcs-revision 1.31)

(/usr/share/texmf/tex/generic/pgf/utilities/pgfkeys.code.tex
\pgfkeys@pathtoks=\toks16
\pgfkeys@temptoks=\toks17
)
\pgf@x=\dimen111
\pgf@y=\dimen112
\pgf@xa=\dimen113
\pgf@ya=\dimen114
\pgf@xb=\dimen115
\pgf@yb=\dimen116
\pgf@xc=\dimen117
\pgf@yc=\dimen118
\c@pgf@counta=\count93
\c@pgf@countb=\count94
\c@pgf@countc=\count95
\c@pgf@countd=\count96

(/usr/share/texmf/tex/generic/pgf/systemlayer/pgf.cfg
File: pgf.cfg 2008/01/13  (rcs-revision 1.6)
)
Package pgfsys Info: Driver file for pgf: pgfsys-pdftex.def on input line 885.

(/usr/share/texmf/tex/generic/pgf/systemlayer/pgfsys-pdftex.def
File: pgfsys-pdftex.def 2007/12/20  (rcs-revision 1.20)

(/usr/share/texmf/tex/generic/pgf/systemlayer/pgfsys-common-pdf.def
File: pgfsys-common-pdf.def 2007/12/17  (rcs-revision 1.8)
)))
(/usr/share/texmf/tex/generic/pgf/systemlayer/pgfsyssoftpath.code.tex
File: pgfsyssoftpath.code.tex 2008/01/23  (rcs-revision 1.6)
\pgfsyssoftpath@smallbuffer@items=\count97
\pgfsyssoftpath@bigbuffer@items=\count98
)
(/usr/share/texmf/tex/generic/pgf/systemlayer/pgfsysprotocol.code.tex
File: pgfsysprotocol.code.tex 2006/10/16  (rcs-revision 1.4)
))
(/usr/share/texmf/tex/latex/xcolor/xcolor.sty
Package: xcolor 2007/01/21 v2.11 LaTeX color extensions (UK)

(/etc/texmf/tex/latex/config/color.cfg
File: color.cfg 2007/01/18 v1.5 color configuration of teTeX/TeXLive
)
Package xcolor Info: Driver file: pdftex.def on input line 225.
Package xcolor Info: Model `cmy' substituted by `cmy0' on input line 1337.
Package xcolor Info: Model `hsb' substituted by `rgb' on input line 1341.
Package xcolor Info: Model `RGB' extended on input line 1353.
Package xcolor Info: Model `HTML' substituted by `rgb' on input line 1355.
Package xcolor Info: Model `Hsb' substituted by `hsb' on input line 1356.
Package xcolor Info: Model `tHsb' substituted by `hsb' on input line 1357.
Package xcolor Info: Model `HSB' substituted by `hsb' on input line 1358.
Package xcolor Info: Model `Gray' substituted by `gray' on input line 1359.
Package xcolor Info: Model `wave' substituted by `hsb' on input line 1360.
)
(/usr/share/texmf/tex/generic/pgf/basiclayer/pgfcore.code.tex
Package: pgfcore 2008/01/15 v2.00 (rcs-revision 1.6)

(/usr/share/texmf/tex/generic/pgf/math/pgfmath.code.tex
(/usr/share/texmf/tex/generic/pgf/math/pgfmathcalc.code.tex
(/usr/share/texmf/tex/generic/pgf/math/pgfmathutil.code.tex
\pgfmath@box=\box27
)
(/usr/share/texmf/tex/generic/pgf/math/pgfmathparser.code.tex
\pgfmath@stack=\toks18
\c@pgfmath@parsecounta=\count99
\c@pgfmath@parsecountb=\count100
\c@pgfmath@parsecountc=\count101
\pgfmath@parsex=\dimen119
)
(/usr/share/texmf/tex/generic/pgf/math/pgfmathoperations.code.tex
(/usr/share/texmf/tex/generic/pgf/math/pgfmathtrig.code.tex)
(/usr/share/texmf/tex/generic/pgf/math/pgfmathrnd.code.tex))
(/usr/share/texmf/tex/generic/pgf/math/pgfmathbase.code.tex)))
(/usr/share/texmf/tex/generic/pgf/basiclayer/pgfcorepoints.code.tex
File: pgfcorepoints.code.tex 2008/02/03  (rcs-revision 1.13)
\pgf@picminx=\dimen120
\pgf@picmaxx=\dimen121
\pgf@picminy=\dimen122
\pgf@picmaxy=\dimen123
\pgf@pathminx=\dimen124
\pgf@pathmaxx=\dimen125
\pgf@pathminy=\dimen126
\pgf@pathmaxy=\dimen127
\pgf@xx=\dimen128
\pgf@xy=\dimen129
\pgf@yx=\dimen130
\pgf@yy=\dimen131
\pgf@zx=\dimen132
\pgf@zy=\dimen133
)
(/usr/share/texmf/tex/generic/pgf/basiclayer/pgfcorepathconstruct.code.tex
File: pgfcorepathconstruct.code.tex 2008/02/13  (rcs-revision 1.14)
\pgf@path@lastx=\dimen134
\pgf@path@lasty=\dimen135
)
(/usr/share/texmf/tex/generic/pgf/basiclayer/pgfcorepathusage.code.tex
File: pgfcorepathusage.code.tex 2008/01/23  (rcs-revision 1.11)
\pgf@shorten@end@additional=\dimen136
\pgf@shorten@start@additional=\dimen137
)
(/usr/share/texmf/tex/generic/pgf/basiclayer/pgfcorescopes.code.tex
File: pgfcorescopes.code.tex 2008/01/15  (rcs-revision 1.26)
\pgfpic=\box28
\pgf@hbox=\box29
\pgf@layerbox@main=\box30
\pgf@picture@serial@count=\count102
)
(/usr/share/texmf/tex/generic/pgf/basiclayer/pgfcoregraphicstate.code.tex
File: pgfcoregraphicstate.code.tex 2007/12/12  (rcs-revision 1.8)
\pgflinewidth=\dimen138
)
(/usr/share/texmf/tex/generic/pgf/basiclayer/pgfcoretransformations.code.tex
File: pgfcoretransformations.code.tex 2008/02/04  (rcs-revision 1.10)
\pgf@pt@x=\dimen139
\pgf@pt@y=\dimen140
\pgf@pt@temp=\dimen141
)
(/usr/share/texmf/tex/generic/pgf/basiclayer/pgfcorequick.code.tex
File: pgfcorequick.code.tex 2006/10/11  (rcs-revision 1.2)
)
(/usr/share/texmf/tex/generic/pgf/basiclayer/pgfcoreobjects.code.tex
File: pgfcoreobjects.code.tex 2006/10/11  (rcs-revision 1.2)
)
(/usr/share/texmf/tex/generic/pgf/basiclayer/pgfcorepathprocessing.code.tex
File: pgfcorepathprocessing.code.tex 2008/01/23  (rcs-revision 1.7)
)
(/usr/share/texmf/tex/generic/pgf/basiclayer/pgfcorearrows.code.tex
File: pgfcorearrows.code.tex 2007/06/07  (rcs-revision 1.8)
)
(/usr/share/texmf/tex/generic/pgf/basiclayer/pgfcoreshade.code.tex
File: pgfcoreshade.code.tex 2007/12/10  (rcs-revision 1.9)
\pgf@max=\dimen142
\pgf@sys@shading@range@num=\count103
)
(/usr/share/texmf/tex/generic/pgf/basiclayer/pgfcoreimage.code.tex
File: pgfcoreimage.code.tex 2008/01/15  (rcs-revision 1.1)
\pgfexternal@startupbox=\box31
)
(/usr/share/texmf/tex/generic/pgf/basiclayer/pgfcorelayers.code.tex
File: pgfcorelayers.code.tex 2008/01/15  (rcs-revision 1.1)
)
(/usr/share/texmf/tex/generic/pgf/basiclayer/pgfcoretransparency.code.tex
File: pgfcoretransparency.code.tex 2008/01/17  (rcs-revision 1.2)
)
(/usr/share/texmf/tex/generic/pgf/basiclayer/pgfcorepatterns.code.tex
File: pgfcorepatterns.code.tex 2008/01/15  (rcs-revision 1.1)
)))
(/usr/share/texmf/tex/generic/pgf/modules/pgfmoduleshapes.code.tex
File: pgfmoduleshapes.code.tex 2008/02/13  (rcs-revision 1.4)
\pgfnodeparttextbox=\box32
\toks@savedmacro=\toks19
)
(/usr/share/texmf/tex/generic/pgf/modules/pgfmoduleplot.code.tex
File: pgfmoduleplot.code.tex 2008/01/15  (rcs-revision 1.1)
\pgf@plotwrite=\write3
)
(/usr/share/texmf/tex/latex/pgf/compatibility/pgfcomp-version-0-65.sty
Package: pgfcomp-version-0-65 2007/07/03 v2.00 (rcs-revision 1.7)
\pgf@nodesepstart=\dimen143
\pgf@nodesepend=\dimen144
)
(/usr/share/texmf/tex/latex/pgf/compatibility/pgfcomp-version-1-18.sty
Package: pgfcomp-version-1-18 2007/07/23 v2.00 (rcs-revision 1.1)
))
(/usr/share/texmf/tex/latex/pgf/utilities/pgffor.sty
(/usr/share/texmf/tex/generic/pgf/utilities/pgffor.code.tex
Package: pgffor 2007/11/07 v2.00 (rcs-revision 1.8)
\pgffor@iter=\dimen145
\pgffor@skip=\dimen146
))
(/usr/share/texmf/tex/generic/pgf/frontendlayer/tikz/tikz.code.tex
Package: tikz 2008/02/13 v2.00 (rcs-revision 1.27)

(/usr/share/texmf/tex/generic/pgf/libraries/pgflibraryplothandlers.code.tex
File: pgflibraryplothandlers.code.tex 2007/03/09 v2.00 (rcs-revision 1.9)
\pgf@plot@mark@count=\count104
\pgfplotmarksize=\dimen147
)
\tikz@lastx=\dimen148
\tikz@lasty=\dimen149
\tikz@lastxsaved=\dimen150
\tikz@lastysaved=\dimen151
\tikzleveldistance=\dimen152
\tikzsiblingdistance=\dimen153
\tikz@figbox=\box33
\tikz@tempbox=\box34
\tikztreelevel=\count105
\tikznumberofchildren=\count106
\tikznumberofcurrentchild=\count107
\tikz@fig@count=\count108

(/usr/share/texmf/tex/generic/pgf/modules/pgfmodulematrix.code.tex
File: pgfmodulematrix.code.tex 2008/01/15  (rcs-revision 1.1)
\pgfmatrixcurrentrow=\count109
\pgfmatrixcurrentcolumn=\count110
\pgf@matrix@numberofcolumns=\count111
)
\tikz@expandcount=\count112

(/usr/share/texmf/tex/generic/pgf/frontendlayer/tikz/libraries/tikzlibrarytopat
hs.code.tex
File: tikzlibrarytopaths.code.tex 2008/01/09 v2.00 (rcs-revision 1.1)
)))) (/usr/share/texmf-texlive/tex/latex/ltxmisc/url.sty
\Urlmuskip=\muskip10
Package: url 2006/04/12  ver 3.3  Verb mode for urls, etc.
)
(/usr/share/texmf-texlive/tex/latex/rotating/rotating.sty
Package: rotating 2009/03/28 v2.16a rotated objects in LaTeX
\c@r@tfl@t=\count113
\rotFPtop=\skip57
\rotFPbot=\skip58
\rot@float@box=\box35
\rot@mess@toks=\toks20
)
(/usr/share/texmf-texlive/tex/latex/tools/xspace.sty
Package: xspace 2006/05/08 v1.12 Space after command names (DPC,MH)
)
(/usr/share/texmf/tex/generic/pgf/frontendlayer/tikz/libraries/tikzlibrarydecor
ations.code.tex
(/usr/share/texmf/tex/generic/pgf/modules/pgfmoduledecorations.code.tex
\pgfdecoratedcompleteddistance=\dimen154
\pgfdecoratedremainingdistance=\dimen155
\pgfdecoratedinputsegmentcompleteddistance=\dimen156
\pgfdecoratedinputsegmentremainingdistance=\dimen157
\pgf@decorate@distancetomove=\dimen158
\pgf@decorate@repeatstate=\count114
\pgfdecorationsegmentamplitude=\dimen159
\pgfdecorationsegmentlength=\dimen160
))
(/usr/share/texmf-texlive/tex/latex/subfloat/subfloat.sty
Package: subfloat 2003/08/21 version 2.14

Package `subfloat', Version 2.14 of 2003/08/21.

Package subfloat Warning: Numbers of floats not counted:
(subfloat)                If you use one of the counters subfloatfiguremax or
(subfloat)                subfloattablemax you will get strange error messages
(subfloat)                containing \c@subfloatfiguremax or
(subfloat)                \c@subfloattablemax:
(subfloat)                Please switch on countmax or remove the code using
(subfloat)                the counter then..

) (/usr/share/texmf-texlive/tex/latex/subfig/subfig.sty
Package: subfig 2005/06/28 ver: 1.3 subfig package

(/usr/share/texmf-texlive/tex/latex/caption/caption.sty
Package: caption 2009/10/09 v3.1k Customizing captions (AR)

(/usr/share/texmf-texlive/tex/latex/caption/caption3.sty
Package: caption3 2009/10/09 v3.1k caption3 kernel (AR)
\captionmargin=\dimen161
\captionmargin@=\dimen162
\captionwidth=\dimen163
\caption@indent=\dimen164
\caption@parindent=\dimen165
\caption@hangindent=\dimen166
)
\c@ContinuedFloat=\count115
Package caption Info: rotating package is loaded.
Package caption Info: sidecap package is loaded.
)
\c@KVtest=\count116
\sf@farskip=\skip59
\sf@captopadj=\dimen167
\sf@capskip=\skip60
\sf@nearskip=\skip61
\c@subfigure=\count117
\c@subfigure@save=\count118
\c@lofdepth=\count119
\c@subtable=\count120
\c@subtable@save=\count121
\c@lotdepth=\count122
\sf@top=\skip62
\sf@bottom=\skip63
)
(/usr/share/texmf-texlive/tex/latex/colortbl/colortbl.sty
Package: colortbl 2001/02/13 v0.1j Color table columns (DPC)

(/usr/share/texmf-texlive/tex/latex/tools/array.sty
Package: array 2008/09/09 v2.4c Tabular extension package (FMi)
\col@sep=\dimen168
\extrarowheight=\dimen169
\NC@list=\toks21
\extratabsurround=\skip64
\backup@length=\skip65
)
\everycr=\toks22
\minrowclearance=\skip66
)
(/usr/share/texmf-texlive/tex/latex/setspace/setspace.sty
Package: setspace 2000/12/01 6.7 Contributed and Supported LaTeX2e package

Package: `setspace' 6.7 <2000/12/01>
)

LaTeX Warning: Unused global option(s):
    [english].

(./ConfirmationMain.aux)
\openout1 = `ConfirmationMain.aux'.

LaTeX Font Info:    Checking defaults for OML/cmm/m/it on input line 73.
LaTeX Font Info:    ... okay on input line 73.
LaTeX Font Info:    Checking defaults for T1/cmr/m/n on input line 73.
LaTeX Font Info:    ... okay on input line 73.
LaTeX Font Info:    Checking defaults for OT1/cmr/m/n on input line 73.
LaTeX Font Info:    ... okay on input line 73.
LaTeX Font Info:    Checking defaults for OMS/cmsy/m/n on input line 73.
LaTeX Font Info:    ... okay on input line 73.
LaTeX Font Info:    Checking defaults for OMX/cmex/m/n on input line 73.
LaTeX Font Info:    ... okay on input line 73.
LaTeX Font Info:    Checking defaults for U/cmr/m/n on input line 73.
LaTeX Font Info:    ... okay on input line 73.
 (/usr/share/texmf-texlive/tex/latex/ms/ragged2e.sty
Package: ragged2e 2009/05/21 v2.1 ragged2e Package (MS)

(/usr/share/texmf-texlive/tex/latex/ms/everysel.sty
Package: everysel 1999/06/08 v1.03 EverySelectfont Package (MS)
LaTeX Info: Redefining \selectfont on input line 125.
)
\CenteringLeftskip=\skip67
\RaggedLeftLeftskip=\skip68
\RaggedRightLeftskip=\skip69
\CenteringRightskip=\skip70
\RaggedLeftRightskip=\skip71
\RaggedRightRightskip=\skip72
\CenteringParfillskip=\skip73
\RaggedLeftParfillskip=\skip74
\RaggedRightParfillskip=\skip75
\JustifyingParfillskip=\skip76
\CenteringParindent=\skip77
\RaggedLeftParindent=\skip78
\RaggedRightParindent=\skip79
\JustifyingParindent=\skip80
)
(/usr/share/texmf/tex/context/base/supp-pdf.mkii
[Loading MPS to PDF converter (version 2006.09.02).]
\scratchcounter=\count123
\scratchdimen=\dimen170
\scratchbox=\box36
\nofMPsegments=\count124
\nofMParguments=\count125
\everyMPshowfont=\toks23
\MPscratchCnt=\count126
\MPscratchDim=\dimen171
\MPnumerator=\count127
\everyMPtoPDFconversion=\toks24
)
Package caption Info: Begin \AtBeginDocument code.
Package caption3 Info: subfig package 1.2 or 1.3 is loaded.
LaTeX Info: Redefining \subref on input line 73.
Package caption Info: End \AtBeginDocument code.
LaTeX Font Info:    External font `cmex10' loaded for size
(Font)              <12> on input line 84.
LaTeX Font Info:    External font `cmex10' loaded for size
(Font)              <8> on input line 84.
LaTeX Font Info:    External font `cmex10' loaded for size
(Font)              <6> on input line 84.
 <./images/logos/OxfordLogo.png, id=4, 421.575pt x 451.6875pt>
File: ./images/logos/OxfordLogo.png Graphic file (type png)

<use ./images/logos/OxfordLogo.png>
Overfull \hbox (20.03522pt too wide) in paragraph at lines 86--87
[][] 
 []

File: ./images/logos/OxfordLogo.png Graphic file (type png)
<use ./images/logos/OxfordLogo.png>
Overfull \hbox (20.03522pt too wide) in paragraph at lines 98--99
[][] 
 []

[1

{/var/lib/texmf/fonts/map/pdftex/updmap/pdftex.map} <./images/logos/OxfordLogo.
png (PNG copy)>] (./ConfirmationMain.toc)
\tf@toc=\write4
\openout4 = `ConfirmationMain.toc'.

 [2

] [1] (./introductionNew.tex
LaTeX Font Info:    Try loading font information for OML+cmr on input line 9.

(/usr/share/texmf-texlive/tex/latex/base/omlcmr.fd
File: omlcmr.fd 1999/05/25 v2.5h Standard LaTeX font definitions
)
LaTeX Font Info:    Font shape `OML/cmr/m/n' in size <12> not available
(Font)              Font shape `OML/cmm/m/it' tried instead on input line 9.

<./images/antenna_photos/telescope.jpg, id=20, 724.7075pt x 481.8pt>
File: ./images/antenna_photos/telescope.jpg Graphic file (type jpg)

<use ./images/antenna_photos/telescope.jpg>
<./images/antenna_photos/SAdish_installed_at_Karoo.jpg, id=21, 321.2pt x 240.9p
t>
File: ./images/antenna_photos/SAdish_installed_at_Karoo.jpg Graphic file (type 
jpg)
 <use ./images/antenna_photos/SAdish_installed_at_Karoo.jpg>) [1] [2 <./images/
antenna_photos/telescope.jpg> <./images/antenna_photos/SAdish_installed_at_Karo
o.jpg>] (./rfimain.tex
<./images/NotchFilter/firstpassband.png, id=30, 526.1256pt x 436.5108pt>
File: ./images/NotchFilter/firstpassband.png Graphic file (type png)

<use ./images/NotchFilter/firstpassband.png>
<./images/NotchFilter/finalpassband.png, id=31, 519.3804pt x 448.074pt>
File: ./images/NotchFilter/finalpassband.png Graphic file (type png)

<use ./images/NotchFilter/finalpassband.png>
<./images/NotchFilter/altazmapannotated.png, id=32, 1284.8pt x 699.61375pt>
File: ./images/NotchFilter/altazmapannotated.png Graphic file (type png)

<use ./images/NotchFilter/altazmapannotated.png>
<./images/NotchFilter/IntensityChannelBeforeNotch.pdf, id=34, 715.67375pt x 220
.825pt>
File: ./images/NotchFilter/IntensityChannelBeforeNotch.pdf Graphic file (type p
df)
 <use ./images/NotchFilter/IntensityChannelBeforeNotch.pdf>
<./images/NotchFilter/IntensityChannelAfterNotch.pdf, id=35, 715.67375pt x 220.
825pt>
File: ./images/NotchFilter/IntensityChannelAfterNotch.pdf Graphic file (type pd
f)
 <use ./images/NotchFilter/IntensityChannelAfterNotch.pdf>
LaTeX Font Info:    External font `cmex10' loaded for size
(Font)              <7> on input line 40.
LaTeX Font Info:    External font `cmex10' loaded for size
(Font)              <5> on input line 40.

<./images/NotchFilter/IntensityChannelAfterBPFandNotch.pdf, id=36, 715.67375pt 
x 220.825pt>
File: ./images/NotchFilter/IntensityChannelAfterBPFandNotch.pdf Graphic file (t
ype pdf)
 <use ./images/NotchFilter/IntensityChannelAfterBPFandNotch.pdf>

LaTeX Warning: Float too large for page by 10.12302pt on input line 47.

<./images/NotchFilter/RFI/norm_max_rfi.png, id=37, 578.57297pt x 433.62pt>
File: ./images/NotchFilter/RFI/norm_max_rfi.png Graphic file (type png)

<use ./images/NotchFilter/RFI/norm_max_rfi.png>
<./images/NotchFilter/RFI/figs-satellite.png, id=38, 405.1938pt x 326.1786pt>
File: ./images/NotchFilter/RFI/figs-satellite.png Graphic file (type png)

<use ./images/NotchFilter/RFI/figs-satellite.png> [3

] [4 <./images/NotchFilter/firstpassband.png (PNG copy)> <./images/NotchFilter/
finalpassband.png (PNG copy)>] [5 <./images/NotchFilter/altazmapannotated.png>]
 [6 <./images/NotchFilter/IntensityChannelBeforeNotch.pdf> <./images/NotchFilte
r/IntensityChannelAfterNotch.pdf> <./images/NotchFilter/IntensityChannelAfterBP
FandNotch.pdf>] [7 <./images/NotchFilter/RFI/norm_max_rfi.png (PNG copy)> <./im
ages/NotchFilter/RFI/figs-satellite.png (PNG copy)>]) (./digitalRX.tex
<images/receiver_schematics/rfNew.jpg, id=78, 852.0633pt x 274.626pt>
File: images/receiver_schematics/rfNew.jpg Graphic file (type jpg)

<use images/receiver_schematics/rfNew.jpg>
<images/receiver_schematics/precon.jpg, id=79, 559.8516pt x 150.3216pt>
File: images/receiver_schematics/precon.jpg Graphic file (type jpg)

<use images/receiver_schematics/precon.jpg>
<images/receiver_schematics/roach.jpg, id=80, 488.5452pt x 264.5082pt>
File: images/receiver_schematics/roach.jpg Graphic file (type jpg)

<use images/receiver_schematics/roach.jpg> [8


 <./images/receiver_schematics/rfNew.jpg>] [9 <./images/receiver_schematics/pre
con.jpg> <./images/receiver_schematics/roach.jpg>]
LaTeX Font Info:    Try loading font information for OMS+cmr on input line 29.
 (/usr/share/texmf-texlive/tex/latex/base/omscmr.fd
File: omscmr.fd 1999/05/25 v2.5h Standard LaTeX font definitions
)
LaTeX Font Info:    Font shape `OMS/cmr/m/n' in size <12> not available
(Font)              Font shape `OMS/cmsy/m/n' tried instead on input line 29.

Overfull \hbox (3.46696pt too wide) in paragraph at lines 41--42
[]\OT1/cmr/m/n/12 Filters: 0-500MHz done. Cur-rently fi-nal-is-ing 500-1000MHz 
fil-ter (Ox-ford) (see Ap-pendix E.2[]) 
 []

[10

] [11]
<./images/digitalReceiver/IMAG0317a.jpg, id=94, 903.375pt x 539.76656pt>
File: ./images/digitalReceiver/IMAG0317a.jpg Graphic file (type jpg)

<use ./images/digitalReceiver/IMAG0317a.jpg>
<./images/digitalReceiver/IMAG0318a.jpg, id=95, 903.375pt x 539.76656pt>
File: ./images/digitalReceiver/IMAG0318a.jpg Graphic file (type jpg)

<use ./images/digitalReceiver/IMAG0318a.jpg>
Overfull \hbox (7.83325pt too wide) in paragraph at lines 92--96
 [][][] 
 []

<./images/digitalReceiver/IMAG0315a.jpg, id=96, 539.76656pt x 903.375pt>
File: ./images/digitalReceiver/IMAG0315a.jpg Graphic file (type jpg)

<use ./images/digitalReceiver/IMAG0315a.jpg> [12


] [13 <./images/digitalReceiver/IMAG0317a.jpg> <./images/digitalReceiver/IMAG03
18a.jpg> <./images/digitalReceiver/IMAG0315a.jpg>]
<./images/RoachTests/TestSetupROACH.png, id=103, 959.585pt x 341.275pt>
File: ./images/RoachTests/TestSetupROACH.png Graphic file (type png)

<use ./images/RoachTests/TestSetupROACH.png>
<./images/RoachTests/Intensity.png, id=104, 958.3002pt x 191.5155pt>
File: ./images/RoachTests/Intensity.png Graphic file (type png)

<use ./images/RoachTests/Intensity.png>
<./images/RoachTests/17_1degreea.png, id=105, 958.3002pt x 191.5155pt>
File: ./images/RoachTests/17_1degreea.png Graphic file (type png)

<use ./images/RoachTests/17_1degreea.png>
<./images/RoachTests/102_6degreesa.png, id=106, 958.3002pt x 191.5155pt>
File: ./images/RoachTests/102_6degreesa.png Graphic file (type png)

<use ./images/RoachTests/102_6degreesa.png>
<./images/RoachTests/119degreesa.png, id=107, 958.3002pt x 191.5155pt>
File: ./images/RoachTests/119degreesa.png Graphic file (type png)

<use ./images/RoachTests/119degreesa.png>

LaTeX Warning: Float too large for page by 6.53099pt on input line 133.

) [14

 <./images/RoachTests/TestSetupROACH.png (PNG copy)>] [15 <./images/RoachTests/
Intensity.png> <./images/RoachTests/17_1degreea.png> <./images/RoachTests/102_6
degreesa.png> <./images/RoachTests/119degreesa.png>]
(./SummaryofStatus.tex [16

] [17] [18] [19]) (./appendix/stokes.tex [20



]
[21] [22] [23]
<images/receiver_schematics/pseudo_correlation.png, id=148, 983.675pt x 695.598
75pt>
File: images/receiver_schematics/pseudo_correlation.png Graphic file (type png)

 <use images/receiver_schematics/pseudo_correlation.png>
<images/receiver_schematics/analogFull.png, id=149, 1501.61pt x 741.77126pt>
File: images/receiver_schematics/analogFull.png Graphic file (type png)

<use images/receiver_schematics/analogFull.png>) (./appendix/rfiappendix.tex
[24 <./images/receiver_schematics/pseudo_correlation.png (PNG copy)>] [25 <./im
ages/receiver_schematics/analogFull.png (PNG copy)>] [26]
<./images/NotchFilter/squareRingResonator.png, id=160, 288.07625pt x 238.8925pt
>
File: ./images/NotchFilter/squareRingResonator.png Graphic file (type png)
 <use ./images/NotchFilter/squareRingResonator.png>
<./images/NotchFilter/circularRingResonator.png, id=161, 303.1325pt x 240.9pt>
File: ./images/NotchFilter/circularRingResonator.png Graphic file (type png)

<use ./images/NotchFilter/circularRingResonator.png>
<./images/NotchFilter/Design1.png, id=162, 466.74374pt x 271.0125pt>
File: ./images/NotchFilter/Design1.png Graphic file (type png)

<use ./images/NotchFilter/Design1.png>
<./images/NotchFilter/s21.png, id=163, 736.7525pt x 499.8675pt>
File: ./images/NotchFilter/s21.png Graphic file (type png)

<use ./images/NotchFilter/s21.png> [27 <./images/NotchFilter/squareRingResonato
r.png (PNG copy)> <./images/NotchFilter/circularRingResonator.png (PNG copy)> <
./images/NotchFilter/Design1.png (PNG copy)> <./images/NotchFilter/s21.png (PNG
 copy)>] <./images/NotchFilter/IMAG0148a.jpg, id=167, 841.64438pt x 903.375pt>
File: ./images/NotchFilter/IMAG0148a.jpg Graphic file (type jpg)

<use ./images/NotchFilter/IMAG0148a.jpg>
<./images/NotchFilter/MeauredResults.JPG, id=168, 1422.81563pt x 601.4972pt>
File: ./images/NotchFilter/MeauredResults.JPG Graphic file (type jpg)

<use ./images/NotchFilter/MeauredResults.JPG> [28

 <./images/NotchFilter/IMAG0148a.jpg>] [29 <./images/NotchFilter/MeauredResults
.JPG>]
<./images/NotchFilter/CoolingResponse.jpg, id=176, 595.93842pt x 343.42703pt>
File: ./images/NotchFilter/CoolingResponse.jpg Graphic file (type jpg)

<use ./images/NotchFilter/CoolingResponse.jpg> [30

 <./images/NotchFilter/CoolingResponse.jpg>]
<./images/NotchFilter/Filter1.png, id=180, 578.16pt x 433.62pt>
File: ./images/NotchFilter/Filter1.png Graphic file (type png)

<use ./images/NotchFilter/Filter1.png>
<./images/NotchFilter/IMAG0287.jpg, id=181, 903.375pt x 539.76656pt>
File: ./images/NotchFilter/IMAG0287.jpg Graphic file (type jpg)

<use ./images/NotchFilter/IMAG0287.jpg> [31] [32 <./images/NotchFilter/Filter1.
png> <./images/NotchFilter/IMAG0287.jpg>]
<./images/NotchFilter/cryostatInstall.jpg, id=189, 481.8pt x 640.3925pt>
File: ./images/NotchFilter/cryostatInstall.jpg Graphic file (type jpg)

<use ./images/NotchFilter/cryostatInstall.jpg> [33

 <./images/NotchFilter/cryostatInstall.jpg>] [34

]) (./appendix/digitalhardwareAppendix.tex
<./images/mixers/mixera.jpg, id=197, 903.375pt x 648.17157pt>
File: ./images/mixers/mixera.jpg Graphic file (type jpg)

<use ./images/mixers/mixera.jpg>
<images/mixers/pg_0001a.pdf, id=198, 845.1575pt x 597.23125pt>
File: images/mixers/pg_0001a.pdf Graphic file (type pdf)

<use images/mixers/pg_0001a.pdf>
<images/mixers/pg_0003a.pdf, id=199, 845.1575pt x 597.23125pt>
File: images/mixers/pg_0003a.pdf Graphic file (type pdf)

<use images/mixers/pg_0003a.pdf>
<images/mixers/pg_0006a.pdf, id=200, 845.1575pt x 597.23125pt>
File: images/mixers/pg_0006a.pdf Graphic file (type pdf)

<use images/mixers/pg_0006a.pdf>
<images/mixers/pg_0008.pdf, id=201, 845.1575pt x 597.23125pt>
File: images/mixers/pg_0008.pdf Graphic file (type pdf)

<use images/mixers/pg_0008.pdf> [35

 <./images/mixers/mixera.jpg>] [36 <./images/mixers/pg_0001a.pdf>] [37 <./image
s/mixers/pg_0003a.pdf>] [38 <./images/mixers/pg_0006a.pdf>] [39 <./images/mixer
s/pg_0008.pdf>]
<./images/LowFrequencyFilters/filterBoxing.png, id=263, 1284.8pt x 902.37125pt>
File: ./images/LowFrequencyFilters/filterBoxing.png Graphic file (type png)
<use ./images/LowFrequencyFilters/filterBoxing.png>
<./images/LowFrequencyFilters/lowpass.png, id=264, 1362.08875pt x 341.275pt>
File: ./images/LowFrequencyFilters/lowpass.png Graphic file (type png)

<use ./images/LowFrequencyFilters/lowpass.png>
Overfull \hbox (7.83325pt too wide) in paragraph at lines 81--81
 [][] 
 []


<./images/LowFrequencyFilters/bandpass.png, id=265, 1355.0625pt x 358.33875pt>
File: ./images/LowFrequencyFilters/bandpass.png Graphic file (type png)

<use ./images/LowFrequencyFilters/bandpass.png>
Overfull \hbox (7.83325pt too wide) in paragraph at lines 84--84
 [][] 
 []

<./images/LowFrequencyFilters/DSC03823a.jpg, id=266, 602.25pt x 217.5628pt>
File: ./images/LowFrequencyFilters/DSC03823a.jpg Graphic file (type jpg)

<use ./images/LowFrequencyFilters/DSC03823a.jpg>
Overfull \hbox (7.83325pt too wide) in paragraph at lines 87--88
 [][] 
 []


<./images/LowFrequencyFilters/lpf10asimvsmeasured1.png, id=267, 1322.9425pt x 8
61.2175pt>
File: ./images/LowFrequencyFilters/lpf10asimvsmeasured1.png Graphic file (type 
png)
 <use ./images/LowFrequencyFilters/lpf10asimvsmeasured1.png>
<./images/LowFrequencyFilters/lpf10asimvsmeasured2.png, id=268, 1314.9125pt x 8
79.285pt>
File: ./images/LowFrequencyFilters/lpf10asimvsmeasured2.png Graphic file (type 
png)
 <use ./images/LowFrequencyFilters/lpf10asimvsmeasured2.png> [40

]
[41 <./images/LowFrequencyFilters/filterBoxing.png>] [42 <./images/LowFrequency
Filters/lowpass.png> <./images/LowFrequencyFilters/bandpass.png> <./images/LowF
requencyFilters/DSC03823a.jpg>] [43 <./images/LowFrequencyFilters/lpf10asimvsme
asured1.png (PNG copy)> <./images/LowFrequencyFilters/lpf10asimvsmeasured2.png 
(PNG copy)>]
<./images/LowFrequencyFilters/LowpassFilter.png, id=285, 578.16pt x 433.62pt>
File: ./images/LowFrequencyFilters/LowpassFilter.png Graphic file (type png)

<use ./images/LowFrequencyFilters/LowpassFilter.png>
<./images/LowFrequencyFilters/BandpassFilter.png, id=286, 578.16pt x 433.62pt>
File: ./images/LowFrequencyFilters/BandpassFilter.png Graphic file (type png)

<use ./images/LowFrequencyFilters/BandpassFilter.png>) [44] [45 <./images/LowFr
equencyFilters/LowpassFilter.png> <./images/LowFrequencyFilters/BandpassFilter.
png>] (./ConfirmationMain.bbl) [46

] (./ConfirmationMain.aux) )
(\end occurred inside a group at level 1)

### semi simple group (level 1) entered at line 133 (\begingroup)
### bottom level 
Here is how much of TeX's memory you used:
 10187 strings out of 495061
 183117 string characters out of 1182621
 229470 words of memory out of 3000000
 13071 multiletter control sequences out of 15000+50000
 8885 words of font info for 32 fonts, out of 3000000 for 9000
 28 hyphenation exceptions out of 8191
 54i,16n,51p,1690b,469s stack positions out of 5000i,500n,10000p,200000b,50000s
</usr/share/texmf-texlive/fonts/type1/public/amsfonts/cm/cmbx12
.pfb></usr/share/texmf-texlive/fonts/type1/public/amsfonts/cm/cmitt10.pfb></usr
/share/texmf-texlive/fonts/type1/public/amsfonts/cm/cmmi12.pfb></usr/share/texm
f-texlive/fonts/type1/public/amsfonts/cm/cmmi6.pfb></usr/share/texmf-texlive/fo
nts/type1/public/amsfonts/cm/cmmi8.pfb></usr/share/texmf-texlive/fonts/type1/pu
blic/amsfonts/cm/cmr10.pfb></usr/share/texmf-texlive/fonts/type1/public/amsfont
s/cm/cmr12.pfb></usr/share/texmf-texlive/fonts/type1/public/amsfonts/cm/cmr7.pf
b></usr/share/texmf-texlive/fonts/type1/public/amsfonts/cm/cmr8.pfb></usr/share
/texmf-texlive/fonts/type1/public/amsfonts/cm/cmsy10.pfb></usr/share/texmf-texl
ive/fonts/type1/public/amsfonts/cm/cmsy7.pfb></usr/share/texmf-texlive/fonts/ty
pe1/public/amsfonts/cm/cmsy8.pfb></usr/share/texmf-texlive/fonts/type1/public/a
msfonts/cm/cmti12.pfb></usr/share/texmf-texlive/fonts/type1/public/amsfonts/cm/
cmtt12.pfb>
Output written on ConfirmationMain.pdf (49 pages, 4422474 bytes).
PDF statistics:
 346 PDF objects out of 1000 (max. 8388607)
 0 named destinations out of 1000 (max. 500000)
 248 words of extra memory for PDF output out of 10000 (max. 10000000)

